  [1m[35m (593.8ms)[0m  [1m[35mCREATE DATABASE "secrets_server_development" ENCODING = 'unicode'[0m
  ↳ bin/rails:9
  [1m[35m (476.8ms)[0m  [1m[35mCREATE DATABASE "secrets_server_test" ENCODING = 'unicode'[0m
  ↳ bin/rails:9
  [1m[35m (22.3ms)[0m  [1m[35mCREATE TABLE "schema_migrations" ("version" character varying NOT NULL PRIMARY KEY)[0m
  ↳ bin/rails:9
  [1m[35m (45.9ms)[0m  [1m[35mCREATE TABLE "ar_internal_metadata" ("key" character varying NOT NULL PRIMARY KEY, "value" character varying, "created_at" timestamp NOT NULL, "updated_at" timestamp NOT NULL)[0m
  ↳ bin/rails:9
  [1m[35m (1.9ms)[0m  [1m[34mSELECT pg_try_advisory_lock(1221311126139643770)[0m
  ↳ bin/rails:9
  [1m[35m (1.2ms)[0m  [1m[34mSELECT "schema_migrations"."version" FROM "schema_migrations" ORDER BY "schema_migrations"."version" ASC[0m
  ↳ bin/rails:9
Migrating to CreateSecrets (20190205003645)
  [1m[35m (0.2ms)[0m  [1m[35mBEGIN[0m
  ↳ bin/rails:9
  [1m[35m (58.4ms)[0m  [1m[35mCREATE TABLE "secrets" ("id" bigserial primary key, "content" text, "created_at" timestamp NOT NULL, "updated_at" timestamp NOT NULL)[0m
  ↳ db/migrate/20190205003645_create_secrets.rb:3
  [1m[36mActiveRecord::SchemaMigration Create (1.9ms)[0m  [1m[32mINSERT INTO "schema_migrations" ("version") VALUES ($1) RETURNING "version"[0m  [["version", "20190205003645"]]
  ↳ bin/rails:9
  [1m[35m (1.4ms)[0m  [1m[35mCOMMIT[0m
  ↳ bin/rails:9
  [1m[36mActiveRecord::InternalMetadata Load (0.5ms)[0m  [1m[34mSELECT  "ar_internal_metadata".* FROM "ar_internal_metadata" WHERE "ar_internal_metadata"."key" = $1 LIMIT $2[0m  [["key", "environment"], ["LIMIT", 1]]
  ↳ bin/rails:9
  [1m[35m (0.2ms)[0m  [1m[35mBEGIN[0m
  ↳ bin/rails:9
  [1m[36mActiveRecord::InternalMetadata Create (41.1ms)[0m  [1m[32mINSERT INTO "ar_internal_metadata" ("key", "value", "created_at", "updated_at") VALUES ($1, $2, $3, $4) RETURNING "key"[0m  [["key", "environment"], ["value", "development"], ["created_at", "2019-02-05 00:37:59.977856"], ["updated_at", "2019-02-05 00:37:59.977856"]]
  ↳ bin/rails:9
  [1m[35m (1.6ms)[0m  [1m[35mCOMMIT[0m
  ↳ bin/rails:9
  [1m[35m (0.6ms)[0m  [1m[34mSELECT pg_advisory_unlock(1221311126139643770)[0m
  ↳ bin/rails:9
  [1m[35m (2.3ms)[0m  [1m[34mSELECT "schema_migrations"."version" FROM "schema_migrations" ORDER BY "schema_migrations"."version" ASC[0m
  ↳ bin/rails:9
Started GET "/" for 127.0.0.1 at 2019-02-05 11:38:33 +1100
  [1m[35m (1.1ms)[0m  [1m[34mSELECT "schema_migrations"."version" FROM "schema_migrations" ORDER BY "schema_migrations"."version" ASC[0m
  ↳ /Users/akexinad/.rvm/gems/ruby-2.5.3/gems/activerecord-5.2.2/lib/active_record/log_subscriber.rb:98
Processing by Rails::WelcomeController#index as HTML
  Rendering /Users/akexinad/.rvm/gems/ruby-2.5.3/gems/railties-5.2.2/lib/rails/templates/rails/welcome/index.html.erb
  Rendered /Users/akexinad/.rvm/gems/ruby-2.5.3/gems/railties-5.2.2/lib/rails/templates/rails/welcome/index.html.erb (5.4ms)
Completed 200 OK in 32ms (Views: 16.1ms | ActiveRecord: 0.0ms)


Started GET "/secrets" for 127.0.0.1 at 2019-02-05 11:38:39 +1100
Processing by SecretsController#index as HTML
  Rendering secrets/index.html.erb within layouts/application
  [1m[36mSecret Load (0.8ms)[0m  [1m[34mSELECT "secrets".* FROM "secrets"[0m
  ↳ app/views/secrets/index.html.erb:14
  Rendered secrets/index.html.erb within layouts/application (4.8ms)
Completed 200 OK in 750ms (Views: 739.5ms | ActiveRecord: 2.9ms)


Started GET "/secrets/new" for 127.0.0.1 at 2019-02-05 11:38:54 +1100
Processing by SecretsController#new as HTML
  Rendering secrets/new.html.erb within layouts/application
  Rendered secrets/_form.html.erb (30.3ms)
  Rendered secrets/new.html.erb within layouts/application (33.1ms)
Completed 200 OK in 89ms (Views: 57.4ms | ActiveRecord: 23.7ms)


Started POST "/secrets" for 127.0.0.1 at 2019-02-05 11:39:17 +1100
Processing by SecretsController#create as HTML
  Parameters: {"utf8"=>"✓", "authenticity_token"=>"JT0Fef4DTw3mhkRt7E97lRX6V9NltsoZpZqhkc+Xp22hpGOcDuA9sgGvf2u/2Qd8xJiEtV1CtKIgpnQsfkZ2qg==", "secret"=>{"content"=>"Yes I can't"}, "commit"=>"Create Secret"}
  [1m[35m (1.9ms)[0m  [1m[35mBEGIN[0m
  ↳ app/controllers/secrets_controller.rb:30
  [1m[36mSecret Create (1.6ms)[0m  [1m[32mINSERT INTO "secrets" ("content", "created_at", "updated_at") VALUES ($1, $2, $3) RETURNING "id"[0m  [["content", "Yes I can't"], ["created_at", "2019-02-05 00:39:17.438780"], ["updated_at", "2019-02-05 00:39:17.438780"]]
  ↳ app/controllers/secrets_controller.rb:30
  [1m[35m (41.4ms)[0m  [1m[35mCOMMIT[0m
  ↳ app/controllers/secrets_controller.rb:30
Redirected to http://localhost:3000/secrets/1
Completed 302 Found in 54ms (ActiveRecord: 44.9ms)


Started GET "/secrets/1" for 127.0.0.1 at 2019-02-05 11:39:17 +1100
Processing by SecretsController#show as HTML
  Parameters: {"id"=>"1"}
  [1m[36mSecret Load (0.5ms)[0m  [1m[34mSELECT  "secrets".* FROM "secrets" WHERE "secrets"."id" = $1 LIMIT $2[0m  [["id", 1], ["LIMIT", 1]]
  ↳ app/controllers/secrets_controller.rb:67
  Rendering secrets/show.html.erb within layouts/application
  Rendered secrets/show.html.erb within layouts/application (0.7ms)
Completed 200 OK in 31ms (Views: 20.5ms | ActiveRecord: 0.8ms)


Started GET "/secrets" for 127.0.0.1 at 2019-02-05 11:39:21 +1100
Processing by SecretsController#index as HTML
  Rendering secrets/index.html.erb within layouts/application
  [1m[36mSecret Load (0.6ms)[0m  [1m[34mSELECT "secrets".* FROM "secrets"[0m
  ↳ app/views/secrets/index.html.erb:14
  Rendered secrets/index.html.erb within layouts/application (3.3ms)
Completed 200 OK in 49ms (Views: 44.2ms | ActiveRecord: 0.6ms)


Started GET "/secrets/new" for 127.0.0.1 at 2019-02-05 11:39:26 +1100
Processing by SecretsController#new as HTML
  Rendering secrets/new.html.erb within layouts/application
  Rendered secrets/_form.html.erb (2.2ms)
  Rendered secrets/new.html.erb within layouts/application (6.7ms)
Completed 200 OK in 30ms (Views: 27.0ms | ActiveRecord: 0.0ms)


Started POST "/secrets" for 127.0.0.1 at 2019-02-05 11:40:01 +1100
Processing by SecretsController#create as HTML
  Parameters: {"utf8"=>"✓", "authenticity_token"=>"a2o/5BldCcf11evhmAAtRkiyG1YGXVxKG/+ybV7B3T3v81kB6b57eBL80OfLllGvmdDIMD6pIvGew2fQ7xAM+g==", "secret"=>{"content"=>"Have you seen my Hegel."}, "commit"=>"Create Secret"}
  [1m[35m (0.3ms)[0m  [1m[35mBEGIN[0m
  ↳ app/controllers/secrets_controller.rb:30
  [1m[36mSecret Create (0.6ms)[0m  [1m[32mINSERT INTO "secrets" ("content", "created_at", "updated_at") VALUES ($1, $2, $3) RETURNING "id"[0m  [["content", "Have you seen my Hegel."], ["created_at", "2019-02-05 00:40:01.382994"], ["updated_at", "2019-02-05 00:40:01.382994"]]
  ↳ app/controllers/secrets_controller.rb:30
  [1m[35m (1.4ms)[0m  [1m[35mCOMMIT[0m
  ↳ app/controllers/secrets_controller.rb:30
Redirected to http://localhost:3000/secrets/2
Completed 302 Found in 8ms (ActiveRecord: 2.3ms)


Started GET "/secrets/2" for 127.0.0.1 at 2019-02-05 11:40:01 +1100
Processing by SecretsController#show as HTML
  Parameters: {"id"=>"2"}
  [1m[36mSecret Load (0.4ms)[0m  [1m[34mSELECT  "secrets".* FROM "secrets" WHERE "secrets"."id" = $1 LIMIT $2[0m  [["id", 2], ["LIMIT", 1]]
  ↳ app/controllers/secrets_controller.rb:67
  Rendering secrets/show.html.erb within layouts/application
  Rendered secrets/show.html.erb within layouts/application (0.6ms)
Completed 200 OK in 24ms (Views: 21.0ms | ActiveRecord: 0.4ms)


Started GET "/secrets" for 127.0.0.1 at 2019-02-05 11:40:03 +1100
Processing by SecretsController#index as HTML
  Rendering secrets/index.html.erb within layouts/application
  [1m[36mSecret Load (0.4ms)[0m  [1m[34mSELECT "secrets".* FROM "secrets"[0m
  ↳ app/views/secrets/index.html.erb:14
  Rendered secrets/index.html.erb within layouts/application (2.2ms)
Completed 200 OK in 33ms (Views: 26.6ms | ActiveRecord: 0.4ms)


Started GET "/secrets/new" for 127.0.0.1 at 2019-02-05 11:40:17 +1100
Processing by SecretsController#new as HTML
  Rendering secrets/new.html.erb within layouts/application
  Rendered secrets/_form.html.erb (1.6ms)
  Rendered secrets/new.html.erb within layouts/application (4.7ms)
Completed 200 OK in 38ms (Views: 33.3ms | ActiveRecord: 0.0ms)


Started POST "/secrets" for 127.0.0.1 at 2019-02-05 11:40:40 +1100
Processing by SecretsController#create as HTML
  Parameters: {"utf8"=>"✓", "authenticity_token"=>"DvunV2kckoBfcnVkMPn8D/Aftq9VxJaNXln7CszMEWqKYsGymf/gP7hbTmJjb4DmIX1lyW0w6DbbZS63fR3ArQ==", "secret"=>{"content"=>"Fuck, I left my milk in the saxophone."}, "commit"=>"Create Secret"}
  [1m[35m (0.2ms)[0m  [1m[35mBEGIN[0m
  ↳ app/controllers/secrets_controller.rb:30
  [1m[36mSecret Create (0.6ms)[0m  [1m[32mINSERT INTO "secrets" ("content", "created_at", "updated_at") VALUES ($1, $2, $3) RETURNING "id"[0m  [["content", "Fuck, I left my milk in the saxophone."], ["created_at", "2019-02-05 00:40:40.499924"], ["updated_at", "2019-02-05 00:40:40.499924"]]
  ↳ app/controllers/secrets_controller.rb:30
  [1m[35m (1.4ms)[0m  [1m[35mCOMMIT[0m
  ↳ app/controllers/secrets_controller.rb:30
Redirected to http://localhost:3000/secrets/3
Completed 302 Found in 7ms (ActiveRecord: 2.2ms)


Started GET "/secrets/3" for 127.0.0.1 at 2019-02-05 11:40:40 +1100
Processing by SecretsController#show as HTML
  Parameters: {"id"=>"3"}
  [1m[36mSecret Load (0.4ms)[0m  [1m[34mSELECT  "secrets".* FROM "secrets" WHERE "secrets"."id" = $1 LIMIT $2[0m  [["id", 3], ["LIMIT", 1]]
  ↳ app/controllers/secrets_controller.rb:67
  Rendering secrets/show.html.erb within layouts/application
  Rendered secrets/show.html.erb within layouts/application (0.8ms)
Completed 200 OK in 24ms (Views: 20.9ms | ActiveRecord: 0.4ms)


Started GET "/secrets" for 127.0.0.1 at 2019-02-05 11:40:45 +1100
Processing by SecretsController#index as HTML
  Rendering secrets/index.html.erb within layouts/application
  [1m[36mSecret Load (0.5ms)[0m  [1m[34mSELECT "secrets".* FROM "secrets"[0m
  ↳ app/views/secrets/index.html.erb:14
  Rendered secrets/index.html.erb within layouts/application (4.5ms)
Completed 200 OK in 33ms (Views: 27.5ms | ActiveRecord: 0.5ms)


Started GET "/secrets" for 127.0.0.1 at 2019-02-05 11:42:48 +1100
Processing by SecretsController#index as HTML
  Rendering secrets/index.html.erb within layouts/application
  [1m[36mSecret Load (0.4ms)[0m  [1m[34mSELECT "secrets".* FROM "secrets"[0m
  ↳ app/views/secrets/index.html.erb:14
  Rendered secrets/index.html.erb within layouts/application (3.8ms)
Completed 200 OK in 29ms (Views: 26.4ms | ActiveRecord: 0.4ms)


Started GET "/secrets" for 127.0.0.1 at 2019-02-05 11:43:06 +1100
Processing by SecretsController#index as HTML
  Rendering secrets/index.html.erb within layouts/application
  [1m[36mSecret Load (0.5ms)[0m  [1m[34mSELECT "secrets".* FROM "secrets"[0m
  ↳ app/views/secrets/index.html.erb:14
  Rendered secrets/index.html.erb within layouts/application (2.9ms)
Completed 200 OK in 26ms (Views: 23.7ms | ActiveRecord: 0.5ms)


Started GET "/secrets" for 127.0.0.1 at 2019-02-05 11:45:41 +1100
  [1m[35m (1.2ms)[0m  [1m[34mSELECT "schema_migrations"."version" FROM "schema_migrations" ORDER BY "schema_migrations"."version" ASC[0m
  ↳ /Users/akexinad/.rvm/gems/ruby-2.5.3/gems/activerecord-5.2.2/lib/active_record/log_subscriber.rb:98
Processing by SecretsController#index as HTML
  Rendering secrets/index.html.erb within layouts/application
  [1m[36mSecret Load (1.0ms)[0m  [1m[34mSELECT "secrets".* FROM "secrets"[0m
  ↳ app/views/secrets/index.html.erb:14
  Rendered secrets/index.html.erb within layouts/application (22.8ms)
Completed 200 OK in 355ms (Views: 333.8ms | ActiveRecord: 10.7ms)


Started GET "/secrets.json" for 127.0.0.1 at 2019-02-05 11:45:44 +1100
Processing by SecretsController#index as JSON
  Rendering secrets/index.json.jbuilder
  [1m[36mSecret Load (0.5ms)[0m  [1m[34mSELECT "secrets".* FROM "secrets"[0m
  ↳ app/views/secrets/index.json.jbuilder:1
  Rendered secrets/_secret.json.jbuilder (0.6ms)
  Rendered secrets/_secret.json.jbuilder (0.1ms)
  Rendered secrets/_secret.json.jbuilder (0.2ms)
  Rendered secrets/index.json.jbuilder (15.2ms)
Completed 200 OK in 29ms (Views: 25.1ms | ActiveRecord: 0.5ms)


Started OPTIONS "/secrets.json" for 127.0.0.1 at 2019-02-05 12:39:25 +1100
  
ActionController::RoutingError (No route matches [OPTIONS] "/secrets.json"):
  
actionpack (5.2.2) lib/action_dispatch/middleware/debug_exceptions.rb:65:in `call'
web-console (3.7.0) lib/web_console/middleware.rb:135:in `call_app'
web-console (3.7.0) lib/web_console/middleware.rb:30:in `block in call'
web-console (3.7.0) lib/web_console/middleware.rb:20:in `catch'
web-console (3.7.0) lib/web_console/middleware.rb:20:in `call'
actionpack (5.2.2) lib/action_dispatch/middleware/show_exceptions.rb:33:in `call'
railties (5.2.2) lib/rails/rack/logger.rb:38:in `call_app'
railties (5.2.2) lib/rails/rack/logger.rb:26:in `block in call'
activesupport (5.2.2) lib/active_support/tagged_logging.rb:71:in `block in tagged'
activesupport (5.2.2) lib/active_support/tagged_logging.rb:28:in `tagged'
activesupport (5.2.2) lib/active_support/tagged_logging.rb:71:in `tagged'
railties (5.2.2) lib/rails/rack/logger.rb:26:in `call'
sprockets-rails (3.2.1) lib/sprockets/rails/quiet_assets.rb:13:in `call'
actionpack (5.2.2) lib/action_dispatch/middleware/remote_ip.rb:81:in `call'
actionpack (5.2.2) lib/action_dispatch/middleware/request_id.rb:27:in `call'
rack (2.0.6) lib/rack/method_override.rb:22:in `call'
rack (2.0.6) lib/rack/runtime.rb:22:in `call'
activesupport (5.2.2) lib/active_support/cache/strategy/local_cache_middleware.rb:29:in `call'
actionpack (5.2.2) lib/action_dispatch/middleware/executor.rb:14:in `call'
actionpack (5.2.2) lib/action_dispatch/middleware/static.rb:127:in `call'
rack (2.0.6) lib/rack/sendfile.rb:111:in `call'
railties (5.2.2) lib/rails/engine.rb:524:in `call'
puma (3.12.0) lib/puma/configuration.rb:225:in `call'
puma (3.12.0) lib/puma/server.rb:658:in `handle_request'
puma (3.12.0) lib/puma/server.rb:472:in `process_client'
puma (3.12.0) lib/puma/server.rb:332:in `block in run'
puma (3.12.0) lib/puma/thread_pool.rb:133:in `block in spawn_thread'
Started POST "/secrets.json" for ::1 at 2019-02-05 12:53:04 +1100
  [1m[35m (42.7ms)[0m  [1m[34mSELECT "schema_migrations"."version" FROM "schema_migrations" ORDER BY "schema_migrations"."version" ASC[0m
  ↳ /Users/akexinad/.rvm/gems/ruby-2.5.3/gems/activerecord-5.2.2/lib/active_record/log_subscriber.rb:98
Processing by SecretsController#create as JSON
  Parameters: {"content"=>"yes", "secret"=>{"content"=>"yes"}}
HTTP Origin header (http://localhost:3000) didn't match request.base_url (http://localhost:3001)
Completed 422 Unprocessable Entity in 1ms (ActiveRecord: 6.4ms)


  
ActionController::InvalidAuthenticityToken (ActionController::InvalidAuthenticityToken):
  
actionpack (5.2.2) lib/action_controller/metal/request_forgery_protection.rb:211:in `handle_unverified_request'
actionpack (5.2.2) lib/action_controller/metal/request_forgery_protection.rb:243:in `handle_unverified_request'
actionpack (5.2.2) lib/action_controller/metal/request_forgery_protection.rb:238:in `verify_authenticity_token'
activesupport (5.2.2) lib/active_support/callbacks.rb:426:in `block in make_lambda'
activesupport (5.2.2) lib/active_support/callbacks.rb:198:in `block (2 levels) in halting'
actionpack (5.2.2) lib/abstract_controller/callbacks.rb:34:in `block (2 levels) in <module:Callbacks>'
activesupport (5.2.2) lib/active_support/callbacks.rb:199:in `block in halting'
activesupport (5.2.2) lib/active_support/callbacks.rb:513:in `block in invoke_before'
activesupport (5.2.2) lib/active_support/callbacks.rb:513:in `each'
activesupport (5.2.2) lib/active_support/callbacks.rb:513:in `invoke_before'
activesupport (5.2.2) lib/active_support/callbacks.rb:131:in `run_callbacks'
actionpack (5.2.2) lib/abstract_controller/callbacks.rb:41:in `process_action'
actionpack (5.2.2) lib/action_controller/metal/rescue.rb:22:in `process_action'
actionpack (5.2.2) lib/action_controller/metal/instrumentation.rb:34:in `block in process_action'
activesupport (5.2.2) lib/active_support/notifications.rb:168:in `block in instrument'
activesupport (5.2.2) lib/active_support/notifications/instrumenter.rb:23:in `instrument'
activesupport (5.2.2) lib/active_support/notifications.rb:168:in `instrument'
actionpack (5.2.2) lib/action_controller/metal/instrumentation.rb:32:in `process_action'
actionpack (5.2.2) lib/action_controller/metal/params_wrapper.rb:256:in `process_action'
activerecord (5.2.2) lib/active_record/railties/controller_runtime.rb:24:in `process_action'
actionpack (5.2.2) lib/abstract_controller/base.rb:134:in `process'
actionview (5.2.2) lib/action_view/rendering.rb:32:in `process'
actionpack (5.2.2) lib/action_controller/metal.rb:191:in `dispatch'
actionpack (5.2.2) lib/action_controller/metal.rb:252:in `dispatch'
actionpack (5.2.2) lib/action_dispatch/routing/route_set.rb:52:in `dispatch'
actionpack (5.2.2) lib/action_dispatch/routing/route_set.rb:34:in `serve'
actionpack (5.2.2) lib/action_dispatch/journey/router.rb:52:in `block in serve'
actionpack (5.2.2) lib/action_dispatch/journey/router.rb:35:in `each'
actionpack (5.2.2) lib/action_dispatch/journey/router.rb:35:in `serve'
actionpack (5.2.2) lib/action_dispatch/routing/route_set.rb:840:in `call'
rack (2.0.6) lib/rack/tempfile_reaper.rb:15:in `call'
rack (2.0.6) lib/rack/etag.rb:25:in `call'
rack (2.0.6) lib/rack/conditional_get.rb:38:in `call'
rack (2.0.6) lib/rack/head.rb:12:in `call'
actionpack (5.2.2) lib/action_dispatch/http/content_security_policy.rb:18:in `call'
rack (2.0.6) lib/rack/session/abstract/id.rb:232:in `context'
rack (2.0.6) lib/rack/session/abstract/id.rb:226:in `call'
actionpack (5.2.2) lib/action_dispatch/middleware/cookies.rb:670:in `call'
activerecord (5.2.2) lib/active_record/migration.rb:559:in `call'
actionpack (5.2.2) lib/action_dispatch/middleware/callbacks.rb:28:in `block in call'
activesupport (5.2.2) lib/active_support/callbacks.rb:98:in `run_callbacks'
actionpack (5.2.2) lib/action_dispatch/middleware/callbacks.rb:26:in `call'
actionpack (5.2.2) lib/action_dispatch/middleware/executor.rb:14:in `call'
actionpack (5.2.2) lib/action_dispatch/middleware/debug_exceptions.rb:61:in `call'
web-console (3.7.0) lib/web_console/middleware.rb:135:in `call_app'
web-console (3.7.0) lib/web_console/middleware.rb:30:in `block in call'
web-console (3.7.0) lib/web_console/middleware.rb:20:in `catch'
web-console (3.7.0) lib/web_console/middleware.rb:20:in `call'
actionpack (5.2.2) lib/action_dispatch/middleware/show_exceptions.rb:33:in `call'
railties (5.2.2) lib/rails/rack/logger.rb:38:in `call_app'
railties (5.2.2) lib/rails/rack/logger.rb:26:in `block in call'
activesupport (5.2.2) lib/active_support/tagged_logging.rb:71:in `block in tagged'
activesupport (5.2.2) lib/active_support/tagged_logging.rb:28:in `tagged'
activesupport (5.2.2) lib/active_support/tagged_logging.rb:71:in `tagged'
railties (5.2.2) lib/rails/rack/logger.rb:26:in `call'
sprockets-rails (3.2.1) lib/sprockets/rails/quiet_assets.rb:13:in `call'
actionpack (5.2.2) lib/action_dispatch/middleware/remote_ip.rb:81:in `call'
actionpack (5.2.2) lib/action_dispatch/middleware/request_id.rb:27:in `call'
rack (2.0.6) lib/rack/method_override.rb:22:in `call'
rack (2.0.6) lib/rack/runtime.rb:22:in `call'
activesupport (5.2.2) lib/active_support/cache/strategy/local_cache_middleware.rb:29:in `call'
actionpack (5.2.2) lib/action_dispatch/middleware/executor.rb:14:in `call'
actionpack (5.2.2) lib/action_dispatch/middleware/static.rb:127:in `call'
rack (2.0.6) lib/rack/sendfile.rb:111:in `call'
rack-cors (1.0.2) lib/rack/cors.rb:97:in `call'
railties (5.2.2) lib/rails/engine.rb:524:in `call'
puma (3.12.0) lib/puma/configuration.rb:225:in `call'
puma (3.12.0) lib/puma/server.rb:658:in `handle_request'
puma (3.12.0) lib/puma/server.rb:472:in `process_client'
puma (3.12.0) lib/puma/server.rb:332:in `block in run'
puma (3.12.0) lib/puma/thread_pool.rb:133:in `block in spawn_thread'
Started GET "/" for ::1 at 2019-02-05 14:02:54 +1100
Processing by Rails::WelcomeController#index as HTML
  Rendering /Users/akexinad/.rvm/gems/ruby-2.5.3/gems/railties-5.2.2/lib/rails/templates/rails/welcome/index.html.erb
  Rendered /Users/akexinad/.rvm/gems/ruby-2.5.3/gems/railties-5.2.2/lib/rails/templates/rails/welcome/index.html.erb (2.3ms)
Completed 200 OK in 12ms (Views: 6.0ms | ActiveRecord: 0.0ms)


Started POST "/secrets.json" for ::1 at 2019-02-05 14:03:01 +1100
Processing by SecretsController#create as JSON
  Parameters: {"content"=>"yes", "secret"=>{"content"=>"yes"}}
HTTP Origin header (http://localhost:3000) didn't match request.base_url (http://localhost:3001)
Completed 422 Unprocessable Entity in 1ms (ActiveRecord: 0.0ms)


  
ActionController::InvalidAuthenticityToken (ActionController::InvalidAuthenticityToken):
  
actionpack (5.2.2) lib/action_controller/metal/request_forgery_protection.rb:211:in `handle_unverified_request'
actionpack (5.2.2) lib/action_controller/metal/request_forgery_protection.rb:243:in `handle_unverified_request'
actionpack (5.2.2) lib/action_controller/metal/request_forgery_protection.rb:238:in `verify_authenticity_token'
activesupport (5.2.2) lib/active_support/callbacks.rb:426:in `block in make_lambda'
activesupport (5.2.2) lib/active_support/callbacks.rb:198:in `block (2 levels) in halting'
actionpack (5.2.2) lib/abstract_controller/callbacks.rb:34:in `block (2 levels) in <module:Callbacks>'
activesupport (5.2.2) lib/active_support/callbacks.rb:199:in `block in halting'
activesupport (5.2.2) lib/active_support/callbacks.rb:513:in `block in invoke_before'
activesupport (5.2.2) lib/active_support/callbacks.rb:513:in `each'
activesupport (5.2.2) lib/active_support/callbacks.rb:513:in `invoke_before'
activesupport (5.2.2) lib/active_support/callbacks.rb:131:in `run_callbacks'
actionpack (5.2.2) lib/abstract_controller/callbacks.rb:41:in `process_action'
actionpack (5.2.2) lib/action_controller/metal/rescue.rb:22:in `process_action'
actionpack (5.2.2) lib/action_controller/metal/instrumentation.rb:34:in `block in process_action'
activesupport (5.2.2) lib/active_support/notifications.rb:168:in `block in instrument'
activesupport (5.2.2) lib/active_support/notifications/instrumenter.rb:23:in `instrument'
activesupport (5.2.2) lib/active_support/notifications.rb:168:in `instrument'
actionpack (5.2.2) lib/action_controller/metal/instrumentation.rb:32:in `process_action'
actionpack (5.2.2) lib/action_controller/metal/params_wrapper.rb:256:in `process_action'
activerecord (5.2.2) lib/active_record/railties/controller_runtime.rb:24:in `process_action'
actionpack (5.2.2) lib/abstract_controller/base.rb:134:in `process'
actionview (5.2.2) lib/action_view/rendering.rb:32:in `process'
actionpack (5.2.2) lib/action_controller/metal.rb:191:in `dispatch'
actionpack (5.2.2) lib/action_controller/metal.rb:252:in `dispatch'
actionpack (5.2.2) lib/action_dispatch/routing/route_set.rb:52:in `dispatch'
actionpack (5.2.2) lib/action_dispatch/routing/route_set.rb:34:in `serve'
actionpack (5.2.2) lib/action_dispatch/journey/router.rb:52:in `block in serve'
actionpack (5.2.2) lib/action_dispatch/journey/router.rb:35:in `each'
actionpack (5.2.2) lib/action_dispatch/journey/router.rb:35:in `serve'
actionpack (5.2.2) lib/action_dispatch/routing/route_set.rb:840:in `call'
rack (2.0.6) lib/rack/tempfile_reaper.rb:15:in `call'
rack (2.0.6) lib/rack/etag.rb:25:in `call'
rack (2.0.6) lib/rack/conditional_get.rb:38:in `call'
rack (2.0.6) lib/rack/head.rb:12:in `call'
actionpack (5.2.2) lib/action_dispatch/http/content_security_policy.rb:18:in `call'
rack (2.0.6) lib/rack/session/abstract/id.rb:232:in `context'
rack (2.0.6) lib/rack/session/abstract/id.rb:226:in `call'
actionpack (5.2.2) lib/action_dispatch/middleware/cookies.rb:670:in `call'
activerecord (5.2.2) lib/active_record/migration.rb:559:in `call'
actionpack (5.2.2) lib/action_dispatch/middleware/callbacks.rb:28:in `block in call'
activesupport (5.2.2) lib/active_support/callbacks.rb:98:in `run_callbacks'
actionpack (5.2.2) lib/action_dispatch/middleware/callbacks.rb:26:in `call'
actionpack (5.2.2) lib/action_dispatch/middleware/executor.rb:14:in `call'
actionpack (5.2.2) lib/action_dispatch/middleware/debug_exceptions.rb:61:in `call'
web-console (3.7.0) lib/web_console/middleware.rb:135:in `call_app'
web-console (3.7.0) lib/web_console/middleware.rb:30:in `block in call'
web-console (3.7.0) lib/web_console/middleware.rb:20:in `catch'
web-console (3.7.0) lib/web_console/middleware.rb:20:in `call'
actionpack (5.2.2) lib/action_dispatch/middleware/show_exceptions.rb:33:in `call'
railties (5.2.2) lib/rails/rack/logger.rb:38:in `call_app'
railties (5.2.2) lib/rails/rack/logger.rb:26:in `block in call'
activesupport (5.2.2) lib/active_support/tagged_logging.rb:71:in `block in tagged'
activesupport (5.2.2) lib/active_support/tagged_logging.rb:28:in `tagged'
activesupport (5.2.2) lib/active_support/tagged_logging.rb:71:in `tagged'
railties (5.2.2) lib/rails/rack/logger.rb:26:in `call'
sprockets-rails (3.2.1) lib/sprockets/rails/quiet_assets.rb:13:in `call'
actionpack (5.2.2) lib/action_dispatch/middleware/remote_ip.rb:81:in `call'
actionpack (5.2.2) lib/action_dispatch/middleware/request_id.rb:27:in `call'
rack (2.0.6) lib/rack/method_override.rb:22:in `call'
rack (2.0.6) lib/rack/runtime.rb:22:in `call'
activesupport (5.2.2) lib/active_support/cache/strategy/local_cache_middleware.rb:29:in `call'
actionpack (5.2.2) lib/action_dispatch/middleware/executor.rb:14:in `call'
actionpack (5.2.2) lib/action_dispatch/middleware/static.rb:127:in `call'
rack (2.0.6) lib/rack/sendfile.rb:111:in `call'
rack-cors (1.0.2) lib/rack/cors.rb:97:in `call'
railties (5.2.2) lib/rails/engine.rb:524:in `call'
puma (3.12.0) lib/puma/configuration.rb:225:in `call'
puma (3.12.0) lib/puma/server.rb:658:in `handle_request'
puma (3.12.0) lib/puma/server.rb:472:in `process_client'
puma (3.12.0) lib/puma/server.rb:332:in `block in run'
puma (3.12.0) lib/puma/thread_pool.rb:133:in `block in spawn_thread'
Started POST "/secrets.json" for ::1 at 2019-02-05 14:04:43 +1100
Processing by SecretsController#create as JSON
  Parameters: {"content"=>"yes", "secret"=>{"content"=>"yes"}}
HTTP Origin header (http://localhost:3000) didn't match request.base_url (http://localhost:3001)
Completed 422 Unprocessable Entity in 1ms (ActiveRecord: 0.0ms)


  
ActionController::InvalidAuthenticityToken (ActionController::InvalidAuthenticityToken):
  
actionpack (5.2.2) lib/action_controller/metal/request_forgery_protection.rb:211:in `handle_unverified_request'
actionpack (5.2.2) lib/action_controller/metal/request_forgery_protection.rb:243:in `handle_unverified_request'
actionpack (5.2.2) lib/action_controller/metal/request_forgery_protection.rb:238:in `verify_authenticity_token'
activesupport (5.2.2) lib/active_support/callbacks.rb:426:in `block in make_lambda'
activesupport (5.2.2) lib/active_support/callbacks.rb:198:in `block (2 levels) in halting'
actionpack (5.2.2) lib/abstract_controller/callbacks.rb:34:in `block (2 levels) in <module:Callbacks>'
activesupport (5.2.2) lib/active_support/callbacks.rb:199:in `block in halting'
activesupport (5.2.2) lib/active_support/callbacks.rb:513:in `block in invoke_before'
activesupport (5.2.2) lib/active_support/callbacks.rb:513:in `each'
activesupport (5.2.2) lib/active_support/callbacks.rb:513:in `invoke_before'
activesupport (5.2.2) lib/active_support/callbacks.rb:131:in `run_callbacks'
actionpack (5.2.2) lib/abstract_controller/callbacks.rb:41:in `process_action'
actionpack (5.2.2) lib/action_controller/metal/rescue.rb:22:in `process_action'
actionpack (5.2.2) lib/action_controller/metal/instrumentation.rb:34:in `block in process_action'
activesupport (5.2.2) lib/active_support/notifications.rb:168:in `block in instrument'
activesupport (5.2.2) lib/active_support/notifications/instrumenter.rb:23:in `instrument'
activesupport (5.2.2) lib/active_support/notifications.rb:168:in `instrument'
actionpack (5.2.2) lib/action_controller/metal/instrumentation.rb:32:in `process_action'
actionpack (5.2.2) lib/action_controller/metal/params_wrapper.rb:256:in `process_action'
activerecord (5.2.2) lib/active_record/railties/controller_runtime.rb:24:in `process_action'
actionpack (5.2.2) lib/abstract_controller/base.rb:134:in `process'
actionview (5.2.2) lib/action_view/rendering.rb:32:in `process'
actionpack (5.2.2) lib/action_controller/metal.rb:191:in `dispatch'
actionpack (5.2.2) lib/action_controller/metal.rb:252:in `dispatch'
actionpack (5.2.2) lib/action_dispatch/routing/route_set.rb:52:in `dispatch'
actionpack (5.2.2) lib/action_dispatch/routing/route_set.rb:34:in `serve'
actionpack (5.2.2) lib/action_dispatch/journey/router.rb:52:in `block in serve'
actionpack (5.2.2) lib/action_dispatch/journey/router.rb:35:in `each'
actionpack (5.2.2) lib/action_dispatch/journey/router.rb:35:in `serve'
actionpack (5.2.2) lib/action_dispatch/routing/route_set.rb:840:in `call'
rack (2.0.6) lib/rack/tempfile_reaper.rb:15:in `call'
rack (2.0.6) lib/rack/etag.rb:25:in `call'
rack (2.0.6) lib/rack/conditional_get.rb:38:in `call'
rack (2.0.6) lib/rack/head.rb:12:in `call'
actionpack (5.2.2) lib/action_dispatch/http/content_security_policy.rb:18:in `call'
rack (2.0.6) lib/rack/session/abstract/id.rb:232:in `context'
rack (2.0.6) lib/rack/session/abstract/id.rb:226:in `call'
actionpack (5.2.2) lib/action_dispatch/middleware/cookies.rb:670:in `call'
activerecord (5.2.2) lib/active_record/migration.rb:559:in `call'
actionpack (5.2.2) lib/action_dispatch/middleware/callbacks.rb:28:in `block in call'
activesupport (5.2.2) lib/active_support/callbacks.rb:98:in `run_callbacks'
actionpack (5.2.2) lib/action_dispatch/middleware/callbacks.rb:26:in `call'
actionpack (5.2.2) lib/action_dispatch/middleware/executor.rb:14:in `call'
actionpack (5.2.2) lib/action_dispatch/middleware/debug_exceptions.rb:61:in `call'
web-console (3.7.0) lib/web_console/middleware.rb:135:in `call_app'
web-console (3.7.0) lib/web_console/middleware.rb:30:in `block in call'
web-console (3.7.0) lib/web_console/middleware.rb:20:in `catch'
web-console (3.7.0) lib/web_console/middleware.rb:20:in `call'
actionpack (5.2.2) lib/action_dispatch/middleware/show_exceptions.rb:33:in `call'
railties (5.2.2) lib/rails/rack/logger.rb:38:in `call_app'
railties (5.2.2) lib/rails/rack/logger.rb:26:in `block in call'
activesupport (5.2.2) lib/active_support/tagged_logging.rb:71:in `block in tagged'
activesupport (5.2.2) lib/active_support/tagged_logging.rb:28:in `tagged'
activesupport (5.2.2) lib/active_support/tagged_logging.rb:71:in `tagged'
railties (5.2.2) lib/rails/rack/logger.rb:26:in `call'
sprockets-rails (3.2.1) lib/sprockets/rails/quiet_assets.rb:13:in `call'
actionpack (5.2.2) lib/action_dispatch/middleware/remote_ip.rb:81:in `call'
actionpack (5.2.2) lib/action_dispatch/middleware/request_id.rb:27:in `call'
rack (2.0.6) lib/rack/method_override.rb:22:in `call'
rack (2.0.6) lib/rack/runtime.rb:22:in `call'
activesupport (5.2.2) lib/active_support/cache/strategy/local_cache_middleware.rb:29:in `call'
actionpack (5.2.2) lib/action_dispatch/middleware/executor.rb:14:in `call'
actionpack (5.2.2) lib/action_dispatch/middleware/static.rb:127:in `call'
rack (2.0.6) lib/rack/sendfile.rb:111:in `call'
rack-cors (1.0.2) lib/rack/cors.rb:97:in `call'
railties (5.2.2) lib/rails/engine.rb:524:in `call'
puma (3.12.0) lib/puma/configuration.rb:225:in `call'
puma (3.12.0) lib/puma/server.rb:658:in `handle_request'
puma (3.12.0) lib/puma/server.rb:472:in `process_client'
puma (3.12.0) lib/puma/server.rb:332:in `block in run'
puma (3.12.0) lib/puma/thread_pool.rb:133:in `block in spawn_thread'
Started POST "/secrets.json" for ::1 at 2019-02-05 14:07:56 +1100
  
ActionController::RoutingError (undefined method `skip_action_before' for ApplicationController:Class
Did you mean?  skip_before_action):
  
app/controllers/application_controller.rb:2:in `<class:ApplicationController>'
app/controllers/application_controller.rb:1:in `<main>'
app/controllers/secrets_controller.rb:1:in `<main>'
Started POST "/secrets.json" for ::1 at 2019-02-05 14:09:05 +1100
Processing by SecretsController#create as JSON
  Parameters: {"content"=>"Yes", "secret"=>{"content"=>"Yes"}}
  [1m[35m (0.2ms)[0m  [1m[35mBEGIN[0m
  ↳ app/controllers/secrets_controller.rb:30
  [1m[36mSecret Create (0.8ms)[0m  [1m[32mINSERT INTO "secrets" ("content", "created_at", "updated_at") VALUES ($1, $2, $3) RETURNING "id"[0m  [["content", "Yes"], ["created_at", "2019-02-05 03:09:05.812849"], ["updated_at", "2019-02-05 03:09:05.812849"]]
  ↳ app/controllers/secrets_controller.rb:30
  [1m[35m (41.9ms)[0m  [1m[35mCOMMIT[0m
  ↳ app/controllers/secrets_controller.rb:30
  Rendering secrets/show.json.jbuilder
  Rendered secrets/_secret.json.jbuilder (0.5ms)
  Rendered secrets/show.json.jbuilder (6.5ms)
Completed 201 Created in 74ms (Views: 21.1ms | ActiveRecord: 53.9ms)


Started GET "/secrets" for ::1 at 2019-02-05 14:09:54 +1100
Processing by SecretsController#index as HTML
  Rendering secrets/index.html.erb within layouts/application
  [1m[36mSecret Load (0.6ms)[0m  [1m[34mSELECT "secrets".* FROM "secrets"[0m
  ↳ app/views/secrets/index.html.erb:14
  Rendered secrets/index.html.erb within layouts/application (15.4ms)
Completed 200 OK in 315ms (Views: 310.9ms | ActiveRecord: 0.6ms)


Started POST "/secrets.json" for ::1 at 2019-02-05 14:10:05 +1100
Processing by SecretsController#create as JSON
  Parameters: {"content"=>"Work Motherfucker!", "secret"=>{"content"=>"Work Motherfucker!"}}
  [1m[35m (0.3ms)[0m  [1m[35mBEGIN[0m
  ↳ app/controllers/secrets_controller.rb:30
  [1m[36mSecret Create (1.4ms)[0m  [1m[32mINSERT INTO "secrets" ("content", "created_at", "updated_at") VALUES ($1, $2, $3) RETURNING "id"[0m  [["content", "Work Motherfucker!"], ["created_at", "2019-02-05 03:10:05.714638"], ["updated_at", "2019-02-05 03:10:05.714638"]]
  ↳ app/controllers/secrets_controller.rb:30
  [1m[35m (1.4ms)[0m  [1m[35mCOMMIT[0m
  ↳ app/controllers/secrets_controller.rb:30
  Rendering secrets/show.json.jbuilder
  Rendered secrets/_secret.json.jbuilder (0.6ms)
  Rendered secrets/show.json.jbuilder (2.4ms)
Completed 201 Created in 17ms (Views: 10.6ms | ActiveRecord: 3.1ms)


Started GET "/secrets" for ::1 at 2019-02-05 14:10:10 +1100
Processing by SecretsController#index as HTML
  Rendering secrets/index.html.erb within layouts/application
  [1m[36mSecret Load (0.5ms)[0m  [1m[34mSELECT "secrets".* FROM "secrets"[0m
  ↳ app/views/secrets/index.html.erb:14
  Rendered secrets/index.html.erb within layouts/application (7.1ms)
Completed 200 OK in 33ms (Views: 26.1ms | ActiveRecord: 4.6ms)


Started POST "/secrets.json" for ::1 at 2019-02-05 14:12:25 +1100
Processing by SecretsController#create as JSON
  Parameters: {"content"=>"FELLINI", "secret"=>{"content"=>"FELLINI"}}
  [1m[35m (0.3ms)[0m  [1m[35mBEGIN[0m
  ↳ app/controllers/secrets_controller.rb:30
  [1m[36mSecret Create (0.4ms)[0m  [1m[32mINSERT INTO "secrets" ("content", "created_at", "updated_at") VALUES ($1, $2, $3) RETURNING "id"[0m  [["content", "FELLINI"], ["created_at", "2019-02-05 03:12:25.710411"], ["updated_at", "2019-02-05 03:12:25.710411"]]
  ↳ app/controllers/secrets_controller.rb:30
  [1m[35m (1.3ms)[0m  [1m[35mCOMMIT[0m
  ↳ app/controllers/secrets_controller.rb:30
  Rendering secrets/show.json.jbuilder
  Rendered secrets/_secret.json.jbuilder (0.3ms)
  Rendered secrets/show.json.jbuilder (1.5ms)
Completed 201 Created in 13ms (Views: 8.9ms | ActiveRecord: 2.0ms)


Started POST "/secrets.json" for ::1 at 2019-02-05 14:15:00 +1100
Processing by SecretsController#create as JSON
  Parameters: {"content"=>"this worx\n", "secret"=>{"content"=>"this worx\n"}}
  [1m[35m (0.2ms)[0m  [1m[35mBEGIN[0m
  ↳ app/controllers/secrets_controller.rb:30
  [1m[36mSecret Create (0.4ms)[0m  [1m[32mINSERT INTO "secrets" ("content", "created_at", "updated_at") VALUES ($1, $2, $3) RETURNING "id"[0m  [["content", "this worx\n"], ["created_at", "2019-02-05 03:15:00.718774"], ["updated_at", "2019-02-05 03:15:00.718774"]]
  ↳ app/controllers/secrets_controller.rb:30
  [1m[35m (1.1ms)[0m  [1m[35mCOMMIT[0m
  ↳ app/controllers/secrets_controller.rb:30
  Rendering secrets/show.json.jbuilder
  Rendered secrets/_secret.json.jbuilder (0.4ms)
  Rendered secrets/show.json.jbuilder (2.5ms)
Completed 201 Created in 14ms (Views: 9.3ms | ActiveRecord: 1.6ms)


Started GET "/secrets.json" for ::1 at 2019-02-05 14:16:03 +1100
Processing by SecretsController#index as JSON
  Rendering secrets/index.json.jbuilder
  [1m[36mSecret Load (0.4ms)[0m  [1m[34mSELECT "secrets".* FROM "secrets"[0m
  ↳ app/views/secrets/index.json.jbuilder:1
  Rendered secrets/_secret.json.jbuilder (0.4ms)
  Rendered secrets/_secret.json.jbuilder (0.2ms)
  Rendered secrets/_secret.json.jbuilder (0.3ms)
  Rendered secrets/_secret.json.jbuilder (0.5ms)
  Rendered secrets/_secret.json.jbuilder (0.2ms)
  Rendered secrets/_secret.json.jbuilder (0.1ms)
  Rendered secrets/_secret.json.jbuilder (0.1ms)
  Rendered secrets/index.json.jbuilder (12.6ms)
Completed 200 OK in 22ms (Views: 17.8ms | ActiveRecord: 0.4ms)


Started GET "/secrets.json" for ::1 at 2019-02-05 14:18:34 +1100
Processing by SecretsController#index as JSON
  Rendering secrets/index.json.jbuilder
  [1m[36mSecret Load (0.6ms)[0m  [1m[34mSELECT "secrets".* FROM "secrets"[0m
  ↳ app/views/secrets/index.json.jbuilder:1
  Rendered secrets/_secret.json.jbuilder (0.6ms)
  Rendered secrets/_secret.json.jbuilder (0.3ms)
  Rendered secrets/_secret.json.jbuilder (0.3ms)
  Rendered secrets/_secret.json.jbuilder (0.3ms)
  Rendered secrets/_secret.json.jbuilder (0.3ms)
  Rendered secrets/_secret.json.jbuilder (0.3ms)
  Rendered secrets/_secret.json.jbuilder (0.3ms)
  Rendered secrets/index.json.jbuilder (14.4ms)
Completed 200 OK in 29ms (Views: 24.5ms | ActiveRecord: 0.6ms)


Started GET "/secrets.json" for ::1 at 2019-02-05 14:19:55 +1100
Processing by SecretsController#index as JSON
  Rendering secrets/index.json.jbuilder
  [1m[36mSecret Load (1.1ms)[0m  [1m[34mSELECT "secrets".* FROM "secrets"[0m
  ↳ app/views/secrets/index.json.jbuilder:1
  Rendered secrets/_secret.json.jbuilder (0.6ms)
  Rendered secrets/_secret.json.jbuilder (0.2ms)
  Rendered secrets/_secret.json.jbuilder (0.2ms)
  Rendered secrets/_secret.json.jbuilder (0.3ms)
  Rendered secrets/_secret.json.jbuilder (0.3ms)
  Rendered secrets/_secret.json.jbuilder (0.3ms)
  Rendered secrets/_secret.json.jbuilder (0.3ms)
  Rendered secrets/index.json.jbuilder (14.8ms)
Completed 200 OK in 30ms (Views: 25.3ms | ActiveRecord: 1.1ms)


Started POST "/secrets.json" for ::1 at 2019-02-05 14:21:18 +1100
Processing by SecretsController#create as JSON
  Parameters: {"content"=>"banana pancakes in my fiat", "secret"=>{"content"=>"banana pancakes in my fiat"}}
  [1m[35m (0.2ms)[0m  [1m[35mBEGIN[0m
  ↳ app/controllers/secrets_controller.rb:30
  [1m[36mSecret Create (0.5ms)[0m  [1m[32mINSERT INTO "secrets" ("content", "created_at", "updated_at") VALUES ($1, $2, $3) RETURNING "id"[0m  [["content", "banana pancakes in my fiat"], ["created_at", "2019-02-05 03:21:18.873285"], ["updated_at", "2019-02-05 03:21:18.873285"]]
  ↳ app/controllers/secrets_controller.rb:30
  [1m[35m (1.2ms)[0m  [1m[35mCOMMIT[0m
  ↳ app/controllers/secrets_controller.rb:30
  Rendering secrets/show.json.jbuilder
  Rendered secrets/_secret.json.jbuilder (0.4ms)
  Rendered secrets/show.json.jbuilder (1.9ms)
Completed 201 Created in 16ms (Views: 10.8ms | ActiveRecord: 1.9ms)


Started GET "/secrets.json" for ::1 at 2019-02-05 14:21:53 +1100
Processing by SecretsController#index as JSON
  Rendering secrets/index.json.jbuilder
  [1m[36mSecret Load (8.2ms)[0m  [1m[34mSELECT "secrets".* FROM "secrets" ORDER BY created_at DESC[0m
  ↳ app/views/secrets/index.json.jbuilder:1
  Rendered secrets/_secret.json.jbuilder (0.8ms)
  Rendered secrets/_secret.json.jbuilder (0.2ms)
  Rendered secrets/_secret.json.jbuilder (0.4ms)
  Rendered secrets/_secret.json.jbuilder (0.2ms)
  Rendered secrets/_secret.json.jbuilder (0.2ms)
  Rendered secrets/_secret.json.jbuilder (0.5ms)
  Rendered secrets/_secret.json.jbuilder (0.3ms)
  Rendered secrets/_secret.json.jbuilder (0.3ms)
  Rendered secrets/index.json.jbuilder (57.5ms)
Completed 200 OK in 76ms (Views: 38.2ms | ActiveRecord: 31.4ms)


Started POST "/secrets.json" for ::1 at 2019-02-05 14:22:04 +1100
Processing by SecretsController#create as JSON
  Parameters: {"content"=>"this secret goes up the top!", "secret"=>{"content"=>"this secret goes up the top!"}}
  [1m[35m (0.2ms)[0m  [1m[35mBEGIN[0m
  ↳ app/controllers/secrets_controller.rb:30
  [1m[36mSecret Create (0.5ms)[0m  [1m[32mINSERT INTO "secrets" ("content", "created_at", "updated_at") VALUES ($1, $2, $3) RETURNING "id"[0m  [["content", "this secret goes up the top!"], ["created_at", "2019-02-05 03:22:04.004805"], ["updated_at", "2019-02-05 03:22:04.004805"]]
  ↳ app/controllers/secrets_controller.rb:30
  [1m[35m (1.3ms)[0m  [1m[35mCOMMIT[0m
  ↳ app/controllers/secrets_controller.rb:30
  Rendering secrets/show.json.jbuilder
  Rendered secrets/_secret.json.jbuilder (0.3ms)
  Rendered secrets/show.json.jbuilder (1.6ms)
Completed 201 Created in 15ms (Views: 9.1ms | ActiveRecord: 2.0ms)


Started GET "/secrets.json" for ::1 at 2019-02-05 14:22:11 +1100
Processing by SecretsController#index as JSON
  Rendering secrets/index.json.jbuilder
  [1m[36mSecret Load (0.7ms)[0m  [1m[34mSELECT "secrets".* FROM "secrets" ORDER BY created_at DESC[0m
  ↳ app/views/secrets/index.json.jbuilder:1
  Rendered secrets/_secret.json.jbuilder (0.6ms)
  Rendered secrets/_secret.json.jbuilder (0.2ms)
  Rendered secrets/_secret.json.jbuilder (0.2ms)
  Rendered secrets/_secret.json.jbuilder (0.5ms)
  Rendered secrets/_secret.json.jbuilder (0.3ms)
  Rendered secrets/_secret.json.jbuilder (0.3ms)
  Rendered secrets/_secret.json.jbuilder (0.2ms)
  Rendered secrets/_secret.json.jbuilder (0.2ms)
  Rendered secrets/_secret.json.jbuilder (0.3ms)
  Rendered secrets/index.json.jbuilder (18.6ms)
Completed 200 OK in 35ms (Views: 31.1ms | ActiveRecord: 0.7ms)


Started GET "/secrets.json" for ::1 at 2019-02-05 14:24:07 +1100
Processing by SecretsController#index as JSON
  Rendering secrets/index.json.jbuilder
  [1m[36mSecret Load (46.7ms)[0m  [1m[34mSELECT "secrets".* FROM "secrets" ORDER BY created_at DESC[0m
  ↳ app/views/secrets/index.json.jbuilder:1
  Rendered secrets/_secret.json.jbuilder (0.8ms)
  Rendered secrets/_secret.json.jbuilder (0.3ms)
  Rendered secrets/_secret.json.jbuilder (0.4ms)
  Rendered secrets/_secret.json.jbuilder (0.3ms)
  Rendered secrets/_secret.json.jbuilder (0.3ms)
  Rendered secrets/_secret.json.jbuilder (0.3ms)
  Rendered secrets/_secret.json.jbuilder (0.3ms)
  Rendered secrets/_secret.json.jbuilder (0.4ms)
  Rendered secrets/_secret.json.jbuilder (0.2ms)
  Rendered secrets/index.json.jbuilder (65.7ms)
Completed 200 OK in 80ms (Views: 30.5ms | ActiveRecord: 46.7ms)


Started GET "/secrets.json" for ::1 at 2019-02-05 14:24:12 +1100
Processing by SecretsController#index as JSON
  Rendering secrets/index.json.jbuilder
  [1m[36mSecret Load (0.4ms)[0m  [1m[34mSELECT "secrets".* FROM "secrets" ORDER BY created_at DESC[0m
  ↳ app/views/secrets/index.json.jbuilder:1
  Rendered secrets/_secret.json.jbuilder (0.4ms)
  Rendered secrets/_secret.json.jbuilder (0.1ms)
  Rendered secrets/_secret.json.jbuilder (0.2ms)
  Rendered secrets/_secret.json.jbuilder (0.1ms)
  Rendered secrets/_secret.json.jbuilder (0.1ms)
  Rendered secrets/_secret.json.jbuilder (0.1ms)
  Rendered secrets/_secret.json.jbuilder (0.1ms)
  Rendered secrets/_secret.json.jbuilder (0.1ms)
  Rendered secrets/_secret.json.jbuilder (0.1ms)
  Rendered secrets/index.json.jbuilder (10.9ms)
Completed 200 OK in 20ms (Views: 17.0ms | ActiveRecord: 0.4ms)


Started POST "/secrets.json" for ::1 at 2019-02-05 14:24:27 +1100
Processing by SecretsController#create as JSON
  Parameters: {"content"=>"Watch This Polling!", "secret"=>{"content"=>"Watch This Polling!"}}
  [1m[35m (0.2ms)[0m  [1m[35mBEGIN[0m
  ↳ app/controllers/secrets_controller.rb:30
  [1m[36mSecret Create (0.4ms)[0m  [1m[32mINSERT INTO "secrets" ("content", "created_at", "updated_at") VALUES ($1, $2, $3) RETURNING "id"[0m  [["content", "Watch This Polling!"], ["created_at", "2019-02-05 03:24:27.109712"], ["updated_at", "2019-02-05 03:24:27.109712"]]
  ↳ app/controllers/secrets_controller.rb:30
  [1m[35m (1.3ms)[0m  [1m[35mCOMMIT[0m
  ↳ app/controllers/secrets_controller.rb:30
  Rendering secrets/show.json.jbuilder
  Rendered secrets/_secret.json.jbuilder (0.3ms)
  Rendered secrets/show.json.jbuilder (1.4ms)
Completed 201 Created in 13ms (Views: 8.5ms | ActiveRecord: 1.9ms)


Started GET "/secrets.json" for ::1 at 2019-02-05 14:24:41 +1100
Processing by SecretsController#index as JSON
  Rendering secrets/index.json.jbuilder
  [1m[36mSecret Load (1.1ms)[0m  [1m[34mSELECT "secrets".* FROM "secrets" ORDER BY created_at DESC[0m
  ↳ app/views/secrets/index.json.jbuilder:1
  Rendered secrets/_secret.json.jbuilder (0.7ms)
  Rendered secrets/_secret.json.jbuilder (0.3ms)
  Rendered secrets/_secret.json.jbuilder (0.3ms)
  Rendered secrets/_secret.json.jbuilder (0.2ms)
  Rendered secrets/_secret.json.jbuilder (0.3ms)
  Rendered secrets/_secret.json.jbuilder (0.2ms)
  Rendered secrets/_secret.json.jbuilder (0.3ms)
  Rendered secrets/_secret.json.jbuilder (0.4ms)
  Rendered secrets/_secret.json.jbuilder (0.3ms)
  Rendered secrets/_secret.json.jbuilder (0.3ms)
  Rendered secrets/index.json.jbuilder (22.7ms)
Completed 200 OK in 37ms (Views: 32.2ms | ActiveRecord: 1.1ms)


Started GET "/" for ::1 at 2019-02-05 14:27:07 +1100
  
PG::ConnectionBad (could not connect to server: No such file or directory
	Is the server running locally and accepting
	connections on Unix domain socket "/tmp/.s.PGSQL.5432"?
):
  
pg (1.1.4) lib/pg.rb:56:in `initialize'
pg (1.1.4) lib/pg.rb:56:in `new'
pg (1.1.4) lib/pg.rb:56:in `connect'
activerecord (5.2.2) lib/active_record/connection_adapters/postgresql_adapter.rb:692:in `connect'
activerecord (5.2.2) lib/active_record/connection_adapters/postgresql_adapter.rb:223:in `initialize'
activerecord (5.2.2) lib/active_record/connection_adapters/postgresql_adapter.rb:48:in `new'
activerecord (5.2.2) lib/active_record/connection_adapters/postgresql_adapter.rb:48:in `postgresql_connection'
activerecord (5.2.2) lib/active_record/connection_adapters/abstract/connection_pool.rb:811:in `new_connection'
activerecord (5.2.2) lib/active_record/connection_adapters/abstract/connection_pool.rb:855:in `checkout_new_connection'
activerecord (5.2.2) lib/active_record/connection_adapters/abstract/connection_pool.rb:834:in `try_to_checkout_new_connection'
activerecord (5.2.2) lib/active_record/connection_adapters/abstract/connection_pool.rb:795:in `acquire_connection'
activerecord (5.2.2) lib/active_record/connection_adapters/abstract/connection_pool.rb:523:in `checkout'
activerecord (5.2.2) lib/active_record/connection_adapters/abstract/connection_pool.rb:382:in `connection'
activerecord (5.2.2) lib/active_record/connection_adapters/abstract/connection_pool.rb:1010:in `retrieve_connection'
activerecord (5.2.2) lib/active_record/connection_handling.rb:118:in `retrieve_connection'
activerecord (5.2.2) lib/active_record/connection_handling.rb:90:in `connection'
activerecord (5.2.2) lib/active_record/migration.rb:554:in `call'
actionpack (5.2.2) lib/action_dispatch/middleware/callbacks.rb:28:in `block in call'
activesupport (5.2.2) lib/active_support/callbacks.rb:98:in `run_callbacks'
actionpack (5.2.2) lib/action_dispatch/middleware/callbacks.rb:26:in `call'
actionpack (5.2.2) lib/action_dispatch/middleware/executor.rb:14:in `call'
actionpack (5.2.2) lib/action_dispatch/middleware/debug_exceptions.rb:61:in `call'
web-console (3.7.0) lib/web_console/middleware.rb:135:in `call_app'
web-console (3.7.0) lib/web_console/middleware.rb:30:in `block in call'
web-console (3.7.0) lib/web_console/middleware.rb:20:in `catch'
web-console (3.7.0) lib/web_console/middleware.rb:20:in `call'
actionpack (5.2.2) lib/action_dispatch/middleware/show_exceptions.rb:33:in `call'
railties (5.2.2) lib/rails/rack/logger.rb:38:in `call_app'
railties (5.2.2) lib/rails/rack/logger.rb:26:in `block in call'
activesupport (5.2.2) lib/active_support/tagged_logging.rb:71:in `block in tagged'
activesupport (5.2.2) lib/active_support/tagged_logging.rb:28:in `tagged'
activesupport (5.2.2) lib/active_support/tagged_logging.rb:71:in `tagged'
railties (5.2.2) lib/rails/rack/logger.rb:26:in `call'
sprockets-rails (3.2.1) lib/sprockets/rails/quiet_assets.rb:13:in `call'
actionpack (5.2.2) lib/action_dispatch/middleware/remote_ip.rb:81:in `call'
actionpack (5.2.2) lib/action_dispatch/middleware/request_id.rb:27:in `call'
rack (2.0.6) lib/rack/method_override.rb:22:in `call'
rack (2.0.6) lib/rack/runtime.rb:22:in `call'
activesupport (5.2.2) lib/active_support/cache/strategy/local_cache_middleware.rb:29:in `call'
actionpack (5.2.2) lib/action_dispatch/middleware/executor.rb:14:in `call'
actionpack (5.2.2) lib/action_dispatch/middleware/static.rb:127:in `call'
rack (2.0.6) lib/rack/sendfile.rb:111:in `call'
rack-cors (1.0.2) lib/rack/cors.rb:97:in `call'
railties (5.2.2) lib/rails/engine.rb:524:in `call'
puma (3.12.0) lib/puma/configuration.rb:225:in `call'
puma (3.12.0) lib/puma/server.rb:658:in `handle_request'
puma (3.12.0) lib/puma/server.rb:472:in `process_client'
puma (3.12.0) lib/puma/server.rb:332:in `block in run'
puma (3.12.0) lib/puma/thread_pool.rb:133:in `block in spawn_thread'
Started GET "/" for ::1 at 2019-02-05 14:28:47 +1100
  
PG::ConnectionBad (could not connect to server: No such file or directory
	Is the server running locally and accepting
	connections on Unix domain socket "/tmp/.s.PGSQL.5432"?
):
  
pg (1.1.4) lib/pg.rb:56:in `initialize'
pg (1.1.4) lib/pg.rb:56:in `new'
pg (1.1.4) lib/pg.rb:56:in `connect'
activerecord (5.2.2) lib/active_record/connection_adapters/postgresql_adapter.rb:692:in `connect'
activerecord (5.2.2) lib/active_record/connection_adapters/postgresql_adapter.rb:223:in `initialize'
activerecord (5.2.2) lib/active_record/connection_adapters/postgresql_adapter.rb:48:in `new'
activerecord (5.2.2) lib/active_record/connection_adapters/postgresql_adapter.rb:48:in `postgresql_connection'
activerecord (5.2.2) lib/active_record/connection_adapters/abstract/connection_pool.rb:811:in `new_connection'
activerecord (5.2.2) lib/active_record/connection_adapters/abstract/connection_pool.rb:855:in `checkout_new_connection'
activerecord (5.2.2) lib/active_record/connection_adapters/abstract/connection_pool.rb:834:in `try_to_checkout_new_connection'
activerecord (5.2.2) lib/active_record/connection_adapters/abstract/connection_pool.rb:795:in `acquire_connection'
activerecord (5.2.2) lib/active_record/connection_adapters/abstract/connection_pool.rb:523:in `checkout'
activerecord (5.2.2) lib/active_record/connection_adapters/abstract/connection_pool.rb:382:in `connection'
activerecord (5.2.2) lib/active_record/connection_adapters/abstract/connection_pool.rb:1010:in `retrieve_connection'
activerecord (5.2.2) lib/active_record/connection_handling.rb:118:in `retrieve_connection'
activerecord (5.2.2) lib/active_record/connection_handling.rb:90:in `connection'
activerecord (5.2.2) lib/active_record/migration.rb:554:in `call'
actionpack (5.2.2) lib/action_dispatch/middleware/callbacks.rb:28:in `block in call'
activesupport (5.2.2) lib/active_support/callbacks.rb:98:in `run_callbacks'
actionpack (5.2.2) lib/action_dispatch/middleware/callbacks.rb:26:in `call'
actionpack (5.2.2) lib/action_dispatch/middleware/executor.rb:14:in `call'
actionpack (5.2.2) lib/action_dispatch/middleware/debug_exceptions.rb:61:in `call'
web-console (3.7.0) lib/web_console/middleware.rb:135:in `call_app'
web-console (3.7.0) lib/web_console/middleware.rb:30:in `block in call'
web-console (3.7.0) lib/web_console/middleware.rb:20:in `catch'
web-console (3.7.0) lib/web_console/middleware.rb:20:in `call'
actionpack (5.2.2) lib/action_dispatch/middleware/show_exceptions.rb:33:in `call'
railties (5.2.2) lib/rails/rack/logger.rb:38:in `call_app'
railties (5.2.2) lib/rails/rack/logger.rb:26:in `block in call'
activesupport (5.2.2) lib/active_support/tagged_logging.rb:71:in `block in tagged'
activesupport (5.2.2) lib/active_support/tagged_logging.rb:28:in `tagged'
activesupport (5.2.2) lib/active_support/tagged_logging.rb:71:in `tagged'
railties (5.2.2) lib/rails/rack/logger.rb:26:in `call'
sprockets-rails (3.2.1) lib/sprockets/rails/quiet_assets.rb:13:in `call'
actionpack (5.2.2) lib/action_dispatch/middleware/remote_ip.rb:81:in `call'
actionpack (5.2.2) lib/action_dispatch/middleware/request_id.rb:27:in `call'
rack (2.0.6) lib/rack/method_override.rb:22:in `call'
rack (2.0.6) lib/rack/runtime.rb:22:in `call'
activesupport (5.2.2) lib/active_support/cache/strategy/local_cache_middleware.rb:29:in `call'
actionpack (5.2.2) lib/action_dispatch/middleware/executor.rb:14:in `call'
actionpack (5.2.2) lib/action_dispatch/middleware/static.rb:127:in `call'
rack (2.0.6) lib/rack/sendfile.rb:111:in `call'
rack-cors (1.0.2) lib/rack/cors.rb:97:in `call'
railties (5.2.2) lib/rails/engine.rb:524:in `call'
puma (3.12.0) lib/puma/configuration.rb:225:in `call'
puma (3.12.0) lib/puma/server.rb:658:in `handle_request'
puma (3.12.0) lib/puma/server.rb:472:in `process_client'
puma (3.12.0) lib/puma/server.rb:332:in `block in run'
puma (3.12.0) lib/puma/thread_pool.rb:133:in `block in spawn_thread'
