Started GET "/" for ::1 at 2019-01-23 14:17:51 +1100
Processing by PagesController#home as HTML
  Rendering pages/home.html.erb within layouts/application
  Rendered pages/home.html.erb within layouts/application (3.0ms)
Completed 200 OK in 1033ms (Views: 1017.4ms | ActiveRecord: 0.0ms)


Started GET "/" for ::1 at 2019-01-23 14:21:24 +1100
Processing by PagesController#home as HTML
  Rendering pages/home.html.erb within layouts/application
  Rendered pages/home.html.erb within layouts/application (0.6ms)
Completed 200 OK in 38ms (Views: 35.2ms | ActiveRecord: 0.0ms)


Started GET "/" for ::1 at 2019-01-23 14:22:04 +1100
Processing by PagesController#home as HTML
  Rendering pages/home.html.erb within layouts/application
  Rendered pages/home.html.erb within layouts/application (0.4ms)
Completed 200 OK in 45ms (Views: 41.3ms | ActiveRecord: 0.0ms)


Started GET "/" for ::1 at 2019-01-23 14:23:58 +1100
Processing by PagesController#home as HTML
  Rendering pages/home.html.erb within layouts/application
  Rendered pages/home.html.erb within layouts/application (0.4ms)
Completed 200 OK in 43ms (Views: 40.6ms | ActiveRecord: 0.0ms)


Started GET "/" for ::1 at 2019-01-23 14:24:15 +1100
Processing by PagesController#home as HTML
  Rendering pages/home.html.erb within layouts/application
  Rendered pages/home.html.erb within layouts/application (0.4ms)
Completed 200 OK in 58ms (Views: 54.7ms | ActiveRecord: 0.0ms)


Started GET "/" for ::1 at 2019-01-23 14:25:39 +1100
Processing by PagesController#home as HTML
  Rendering pages/home.html.erb within layouts/application
  Rendered pages/home.html.erb within layouts/application (0.4ms)
Completed 200 OK in 46ms (Views: 43.3ms | ActiveRecord: 0.0ms)


Started GET "/" for ::1 at 2019-01-23 14:26:06 +1100
Processing by PagesController#home as HTML
  Rendering pages/home.html.erb within layouts/application
  Rendered pages/home.html.erb within layouts/application (0.4ms)
Completed 200 OK in 53ms (Views: 48.3ms | ActiveRecord: 0.0ms)


Started GET "/" for ::1 at 2019-01-23 14:26:55 +1100
Processing by PagesController#home as HTML
  Rendering pages/home.html.erb within layouts/application
  Rendered pages/home.html.erb within layouts/application (0.6ms)
Completed 200 OK in 49ms (Views: 46.4ms | ActiveRecord: 0.0ms)


Started GET "/" for ::1 at 2019-01-23 14:27:04 +1100
Processing by PagesController#home as HTML
  Rendering pages/home.html.erb within layouts/application
  Rendered pages/home.html.erb within layouts/application (0.3ms)
Completed 200 OK in 48ms (Views: 45.2ms | ActiveRecord: 0.0ms)


Started GET "/" for ::1 at 2019-01-23 14:27:24 +1100
Processing by PagesController#home as HTML
  Rendering pages/home.html.erb within layouts/application
  Rendered pages/home.html.erb within layouts/application (0.3ms)
Completed 200 OK in 54ms (Views: 49.4ms | ActiveRecord: 0.0ms)


Started GET "/" for ::1 at 2019-01-23 14:28:07 +1100
Processing by PagesController#home as HTML
  Rendering pages/home.html.erb within layouts/application
  Rendered pages/home.html.erb within layouts/application (0.4ms)
Completed 500 Internal Server Error in 47ms (ActiveRecord: 0.0ms)


  
ActionView::Template::Error (Invalid CSS after ".post .content.": expected class name, was " p"):
     5:     <%= csrf_meta_tags %>
     6:     <%= csp_meta_tag %>
     7: 
     8:     <%= stylesheet_link_tag    'application', media: 'all', 'data-turbolinks-track': 'reload' %>
     9:     <%= javascript_include_tag 'application', 'data-turbolinks-track': 'reload' %>
    10:   </head>
    11: 
  
app/assets/stylesheets/pages.scss:39
app/views/layouts/application.html.erb:8:in `_app_views_layouts_application_html_erb__3426742676885196911_70144979604460'
Started GET "/" for ::1 at 2019-01-23 14:28:34 +1100
Processing by PagesController#home as HTML
  Rendering pages/home.html.erb within layouts/application
  Rendered pages/home.html.erb within layouts/application (0.9ms)
Completed 200 OK in 56ms (Views: 51.6ms | ActiveRecord: 0.0ms)


Started GET "/" for ::1 at 2019-01-23 14:31:13 +1100
Processing by PagesController#home as HTML
  Rendering pages/home.html.erb within layouts/application
  Rendered pages/home.html.erb within layouts/application (0.3ms)
Completed 200 OK in 49ms (Views: 43.9ms | ActiveRecord: 0.0ms)


Started GET "/" for ::1 at 2019-01-23 14:31:16 +1100
Processing by PagesController#home as HTML
  Rendering pages/home.html.erb within layouts/application
  Rendered pages/home.html.erb within layouts/application (0.5ms)
Completed 200 OK in 60ms (Views: 53.8ms | ActiveRecord: 0.0ms)


Started GET "/" for ::1 at 2019-01-23 14:31:24 +1100
Processing by PagesController#home as HTML
  Rendering pages/home.html.erb within layouts/application
  Rendered pages/home.html.erb within layouts/application (0.4ms)
Completed 200 OK in 58ms (Views: 53.3ms | ActiveRecord: 0.0ms)


Started GET "/" for ::1 at 2019-01-23 14:31:29 +1100
Processing by PagesController#home as HTML
  Rendering pages/home.html.erb within layouts/application
  Rendered pages/home.html.erb within layouts/application (0.3ms)
Completed 200 OK in 51ms (Views: 47.1ms | ActiveRecord: 0.0ms)


Started GET "/" for ::1 at 2019-01-23 14:33:43 +1100
Processing by PagesController#home as HTML
  Rendering pages/home.html.erb within layouts/application
  Rendered pages/home.html.erb within layouts/application (0.6ms)
Completed 200 OK in 52ms (Views: 47.6ms | ActiveRecord: 0.0ms)


Started GET "/" for ::1 at 2019-01-23 14:34:21 +1100
Processing by PagesController#home as HTML
  Rendering pages/home.html.erb within layouts/application
  Rendered pages/home.html.erb within layouts/application (0.3ms)
Completed 200 OK in 57ms (Views: 53.7ms | ActiveRecord: 0.0ms)


Started GET "/" for ::1 at 2019-01-23 14:35:58 +1100
Processing by PagesController#home as HTML
  Rendering pages/home.html.erb within layouts/application
  Rendered pages/home.html.erb within layouts/application (0.4ms)
Completed 200 OK in 48ms (Views: 44.4ms | ActiveRecord: 0.0ms)


Started GET "/" for ::1 at 2019-01-23 14:40:35 +1100
Processing by PagesController#home as HTML
  Rendering pages/home.html.erb within layouts/application
  Rendered pages/home.html.erb within layouts/application (0.4ms)
Completed 200 OK in 50ms (Views: 45.5ms | ActiveRecord: 0.0ms)


Started GET "/" for ::1 at 2019-01-23 14:41:59 +1100
Processing by PagesController#home as HTML
  Rendering pages/home.html.erb within layouts/application
  Rendered pages/home.html.erb within layouts/application (0.3ms)
Completed 200 OK in 58ms (Views: 52.4ms | ActiveRecord: 0.0ms)


Started GET "/" for ::1 at 2019-01-23 14:45:29 +1100
Processing by PagesController#home as HTML
  Rendering pages/home.html.erb within layouts/application
  Rendered pages/home.html.erb within layouts/application (0.3ms)
Completed 200 OK in 55ms (Views: 50.2ms | ActiveRecord: 0.0ms)


Started GET "/" for ::1 at 2019-01-23 14:46:57 +1100
Processing by PagesController#home as HTML
  Rendering pages/home.html.erb within layouts/application
  Rendered pages/home.html.erb within layouts/application (0.3ms)
Completed 200 OK in 53ms (Views: 49.6ms | ActiveRecord: 0.0ms)


Started GET "/" for ::1 at 2019-01-23 14:47:28 +1100
Processing by PagesController#home as HTML
  Rendering pages/home.html.erb within layouts/application
  Rendered pages/home.html.erb within layouts/application (0.4ms)
Completed 200 OK in 56ms (Views: 52.6ms | ActiveRecord: 0.0ms)


Started GET "/" for ::1 at 2019-01-23 14:48:02 +1100
Processing by PagesController#home as HTML
  Rendering pages/home.html.erb within layouts/application
  Rendered pages/home.html.erb within layouts/application (0.4ms)
Completed 200 OK in 54ms (Views: 52.0ms | ActiveRecord: 0.0ms)


Started GET "/" for ::1 at 2019-01-23 14:48:31 +1100
Processing by PagesController#home as HTML
  Rendering pages/home.html.erb within layouts/application
  Rendered pages/home.html.erb within layouts/application (0.4ms)
Completed 200 OK in 63ms (Views: 58.5ms | ActiveRecord: 0.0ms)


